  ebook/volwassenen/Literatuur & Romans: +10369 (total 10369)
  ebook/volwassenen/Romantisch: +7465 (total 17834)
  ebook/volwassenen/Spanning & Thrillers: +1286 (total 19120)
  ebook/volwassenen/Biografie & Waargebeurd: +3336 (total 22456)
  ebook/volwassenen/Gezin & Gezondheid: +2751 (total 25207)
  ebook/volwassenen/Filosofie & Religie: +2345 (total 27552)
  ebook/volwassenen/Geschiedenis & Politiek: +2019 (total 29571)
  ebook/volwassenen/Mens & Maatschappij: +1144 (total 30715)
  ebook/volwassenen/Fantasy & Sciencefiction: +775 (total 31490)
  ebook/jeugd/Spanning & Avontuur: +1766 (total 33256)
  ebook/jeugd/Liefde & Vriendschap: +789 (total 34045)
  ebook/jeugd/Persoonlijke onderwerpen: +373 (total 34418)
  ebook/jeugd/Young Adult: +398 (total 34816)
  ebook/jeugd/Fantasy & Sciencefiction: +137 (total 34953)
  ebook/jeugd/Familie & Gezin: +77 (total 35030)
  ebook/jeugd/Grappig: +163 (total 35193)
  ebook/jeugd/Dagelijks leven: +133 (total 35326)
  ebook/jeugd/Natuur & Dieren: +253 (total 35579)
  ebook/jeugd/Geschiedenis: +183 (total 35762)
  ebook/jeugd/Verhalenboeken: +193 (total 35955)
  ebook/jeugd/Sport & Vrije tijd: +103 (total 36058)
  ebook/jeugd/Sprookjes: +109 (total 36167)
  ebook/jeugd/Samenleving: +60 (total 36227)
  audiobook/volwassenen/Literatuur & Romans: +7362 (total 43589)
  audiobook/volwassenen/Romantisch: +1679 (total 45268)
  audiobook/volwassenen/Spanning & Thrillers: +2693 (total 47961)
  audiobook/volwassenen/Biografie & Waargebeurd: +150 (total 48111)
  audiobook/volwassenen/Gezin & Gezondheid: +1038 (total 49149)
  audiobook/volwassenen/Filosofie & Religie: +301 (total 49450)
  audiobook/volwassenen/Geschiedenis & Politiek: +288 (total 49738)
  audiobook/volwassenen/Mens & Maatschappij: +114 (total 49852)
  audiobook/volwassenen/Fantasy & Sciencefiction: +229 (total 50081)
  audiobook/jeugd/Spanning & Avontuur: +915 (total 50996)
  audiobook/jeugd/Liefde & Vriendschap: +269 (total 51265)
  audiobook/jeugd/Persoonlijke onderwerpen: +186 (total 51451)
  audiobook/jeugd/Young Adult: +132 (total 51583)
  audiobook/jeugd/Fantasy & Sciencefiction: +103 (total 51686)
  audiobook/jeugd/Familie & Gezin: +113 (total 51799)
  audiobook/jeugd/Grappig: +131 (total 51930)
  audiobook/jeugd/Dagelijks leven: +20 (total 51950)
  audiobook/jeugd/Natuur & Dieren: +77 (total 52027)
  audiobook/jeugd/Geschiedenis: +30 (total 52057)
  audiobook/jeugd/Verhalenboeken: +134 (total 52191)
  audiobook/jeugd/Sport & Vrije tijd: +6 (total 52197)
  audiobook/jeugd/Sprookjes: +1 (total 52198)
  audiobook/jeugd/Samenleving: +8 (total 52206)
Tagged 52206 books with genres
