Full enumeration of ['ebook', 'audiobook'] (resuming with 41902 PPNs)
  all:ebook:dut: +13778 (total 55680)
  all:ebook:eng: +210 (total 55890)
  all:ebook:fre: +0 (total 55890)
  all:ebook:ger: +0 (total 55890)
  all:ebook:fry: +73 (total 55963)
  all:ebook:spa: +7 (total 55970)
  all:ebook:ita: +3 (total 55973)
  all:ebook:lat: +7 (total 55980)
  all:ebook:gre: +1 (total 55981)
  all:ebook:pap: +2 (total 55983)
  all:ebook:rus: +1 (total 55984)
  all:ebook:lim: +0 (total 55984)
  all:ebook:mul: +0 (total 55984)
  all:audiobook:dut: +12078 (total 68062)
  all:audiobook:eng: +172 (total 68234)
  all:audiobook:fre: +0 (total 68234)
  all:audiobook:ger: +0 (total 68234)
  all:audiobook:fry: +28 (total 68262)
  all:audiobook:spa: +0 (total 68262)
  all:audiobook:ita: +0 (total 68262)
  all:audiobook:lat: +0 (total 68262)
  all:audiobook:gre: +0 (total 68262)
  all:audiobook:pap: +0 (total 68262)
  all:audiobook:rus: +0 (total 68262)
  all:audiobook:lim: +0 (total 68262)
  all:audiobook:mul: +0 (total 68262)
  er:ebook:dut: +45801 (total 45801)
  er:ebook:eng: +1498 (total 47299)
  er:ebook:fre: +23 (total 47322)
  er:ebook:ger: +15 (total 47337)
  er:ebook:fry: +48 (total 47385)
  er:ebook:spa: +6 (total 47391)
  er:ebook:ita: +3 (total 47394)
  er:ebook:lat: +7 (total 47401)
  er:ebook:gre: +1 (total 47402)
  er:ebook:pap: +2 (total 47404)
  er:ebook:rus: +1 (total 47405)
  er:ebook:lim: +1 (total 47406)
  er:ebook:mul: +11 (total 47417)
e-reader-available e-books: 47417
Done. 68262 unique records in data/raw/records
